{"C:\\Users\\Ahmed\\Desktop\\GithubRepos\\weekly-challnges\\learning jest\\sum\\sum.js": {"path":"C:\\Users\\Ahmed\\Desktop\\GithubRepos\\weekly-challnges\\learning jest\\sum\\sum.js","statementMap":{"0":{"start":{"line":2,"column":1},"end":{"line":3,"column":51}},"1":{"start":{"line":3,"column":2},"end":{"line":3,"column":51}},"2":{"start":{"line":4,"column":1},"end":{"line":8,"column":11}},"3":{"start":{"line":8,"column":2},"end":{"line":8,"column":11}},"4":{"start":{"line":9,"column":1},"end":{"line":9,"column":55}},"5":{"start":{"line":9,"column":39},"end":{"line":9,"column":55}},"6":{"start":{"line":10,"column":1},"end":{"line":10,"column":58}},"7":{"start":{"line":10,"column":41},"end":{"line":10,"column":58}},"8":{"start":{"line":12,"column":1},"end":{"line":12,"column":14}},"9":{"start":{"line":15,"column":0},"end":{"line":15,"column":21}}},"fnMap":{"0":{"name":"sum","decl":{"start":{"line":1,"column":9},"end":{"line":1,"column":12}},"loc":{"start":{"line":1,"column":19},"end":{"line":13,"column":1}},"line":1}},"branchMap":{"0":{"loc":{"start":{"line":2,"column":1},"end":{"line":3,"column":51}},"type":"if","locations":[{"start":{"line":2,"column":1},"end":{"line":3,"column":51}},{"start":{},"end":{}}],"line":2},"1":{"loc":{"start":{"line":2,"column":5},"end":{"line":2,"column":51}},"type":"binary-expr","locations":[{"start":{"line":2,"column":5},"end":{"line":2,"column":26}},{"start":{"line":2,"column":30},"end":{"line":2,"column":51}}],"line":2},"2":{"loc":{"start":{"line":4,"column":1},"end":{"line":8,"column":11}},"type":"if","locations":[{"start":{"line":4,"column":1},"end":{"line":8,"column":11}},{"start":{},"end":{}}],"line":4},"3":{"loc":{"start":{"line":5,"column":2},"end":{"line":6,"column":37}},"type":"binary-expr","locations":[{"start":{"line":5,"column":3},"end":{"line":5,"column":17}},{"start":{"line":5,"column":21},"end":{"line":5,"column":36}},{"start":{"line":6,"column":3},"end":{"line":6,"column":18}},{"start":{"line":6,"column":22},"end":{"line":6,"column":36}}],"line":5},"4":{"loc":{"start":{"line":9,"column":1},"end":{"line":9,"column":55}},"type":"if","locations":[{"start":{"line":9,"column":1},"end":{"line":9,"column":55}},{"start":{},"end":{}}],"line":9},"5":{"loc":{"start":{"line":9,"column":5},"end":{"line":9,"column":37}},"type":"binary-expr","locations":[{"start":{"line":9,"column":5},"end":{"line":9,"column":19}},{"start":{"line":9,"column":23},"end":{"line":9,"column":37}}],"line":9},"6":{"loc":{"start":{"line":10,"column":1},"end":{"line":10,"column":58}},"type":"if","locations":[{"start":{"line":10,"column":1},"end":{"line":10,"column":58}},{"start":{},"end":{}}],"line":10},"7":{"loc":{"start":{"line":10,"column":5},"end":{"line":10,"column":39}},"type":"binary-expr","locations":[{"start":{"line":10,"column":5},"end":{"line":10,"column":20}},{"start":{"line":10,"column":24},"end":{"line":10,"column":39}}],"line":10}},"s":{"0":6,"1":2,"2":4,"3":1,"4":3,"5":1,"6":2,"7":1,"8":1,"9":1},"f":{"0":6},"b":{"0":[2,4],"1":[6,5],"2":[1,3],"3":[4,2,3,1],"4":[1,2],"5":[3,2],"6":[1,1],"7":[2,1]},"_coverageSchema":"1a1c01bbd47fc00a2c39e90264f33305004495a9","hash":"dd1c34d6c1b4c21a5c8b4a5cf6e4e3d479f4cae0"}
}
